#
# A fatal error has been detected by the Java Runtime Environment:
#
#  EXCEPTION_ACCESS_VIOLATION (0xc0000005) at pc=0x00007fffbcebe3c1, pid=23340, tid=14360
#
# JRE version: Java(TM) SE Runtime Environment (21.0.2+13) (build 21.0.2+13-LTS-58)
# Java VM: Java HotSpot(TM) 64-Bit Server VM (21.0.2+13-LTS-58, mixed mode, emulated-client, sharing, tiered, compressed oops, compressed class ptrs, g1 gc, windows-amd64)
# Problematic frame:
# V  [jvm.dll+0x13e3c1]
#
# No core dump will be written. Minidumps are not enabled by default on client versions of Windows
#
# If you would like to submit a bug report, please visit:
#   https://bugreport.java.com/bugreport/crash.jsp
#

---------------  S U M M A R Y ------------

Command Line: -agentlib:jdwp=transport=dt_socket,address=127.0.0.1:63893,suspend=y,server=n -XX:TieredStopAtLevel=1 -Dspring.output.ansi.enabled=always -Dcom.sun.management.jmxremote -Dspring.jmx.enabled=true -Dspring.liveBeansView.mbeanDomain -Dspring.application.admin.enabled=true -Dmanagement.endpoints.jmx.exposure.include=* -javaagent:D:\Idea2023\plugins\java\lib\rt\debugger-agent.jar -Dfile.encoding=UTF-8 -Dsun.stdout.encoding=UTF-8 -Dsun.stderr.encoding=UTF-8 com.example.springsecurity.SpringSecurityApplication

Host: Intel(R) Core(TM) i5-1035G1 CPU @ 1.00GHz, 8 cores, 7G,  Windows 10 , 64 bit Build 19041 (10.0.19041.928)
Time: Sun Mar 24 17:54:31 2024  Windows 10 , 64 bit Build 19041 (10.0.19041.928) elapsed time: 2.409905 seconds (0d 0h 0m 2s)

---------------  T H R E A D  ---------------

Current thread (0x000001755044fff0):  WorkerThread "GC Thread#6"    [id=14360, stack(0x00000059cb900000,0x00000059cba00000) (1024K)]

Stack: [0x00000059cb900000,0x00000059cba00000],  sp=0x00000059cb9ff948,  free space=1022k
Native frames: (J=compiled Java code, j=interpreted, Vv=VM code, C=native code)
V  [jvm.dll+0x13e3c1]


siginfo: EXCEPTION_ACCESS_VIOLATION (0xc0000005), reading address 0x0000000000000100


Registers:
RAX=0x0000000000000000, RBX=0x0000000000000001, RCX=0x000001750b000000, RDX=0x00000000889272f8
RSP=0x00000059cb9ff948, RBP=0x00000000000000eb, RSI=0x0000017578cfef00, RDI=0x0000000000000000
R8 =0x000001750b000000, R9 =0x0000000000000000, R10=0x00000000889272f8, R11=0x00007fffe91715c3
R12=0x0000017550352858, R13=0x000001750b000000, R14=0x00000000889272f8, R15=0x0000017551228020
RIP=0x00007fffbcebe3c1, EFLAGS=0x0000000000010246


Register to memory mapping:

RAX=0x0 is null
RBX=0x0000000000000001 is an unknown value
RCX=0x000001750b000000 is pointing into metadata
RDX=
[error occurred during error reporting (printing register info), id 0xc0000005, EXCEPTION_ACCESS_VIOLATION (0xc0000005) at pc=0x00007fffbcebe356]
RSP=0x00000059cb9ff948 points into unknown readable memory: 0x00007fffbd0d7c6b | 6b 7c 0d bd ff 7f 00 00
RBP=0x00000000000000eb is an unknown value
RSI=0x0000017578cfef00 points into unknown readable memory: 0x0000000000000000 | 00 00 00 00 00 00 00 00
RDI=0x0 is null
R8 =0x000001750b000000 is pointing into metadata
R9 =0x0 is null
R10=
[error occurred during error reporting (printing register info, attempt 2), id 0xc0000005, EXCEPTION_ACCESS_VIOLATION (0xc0000005) at pc=0x00007fffbcebe356]
R11=0x00007fffe91715c3 VCRUNTIME140.dll
R12=0x0000017550352858 points into unknown readable memory: 0x88000469d1fc7eac | ac 7e fc d1 69 04 00 88
R13=0x000001750b000000 is pointing into metadata
R14=
[error occurred during error reporting (printing register info, attempt 3), id 0xc0000005, EXCEPTION_ACCESS_VIOLATION (0xc0000005) at pc=0x00007fffbcebe356]
Top of Stack: (sp=0x00000059cb9ff948)
0x00000059cb9ff948:   00007fffbd0d7c6b 0000000000000001
0x00000059cb9ff958:   0000000000000001 0000000000000001
0x00000059cb9ff968:   0000000000000002 000000008496145c
0x00000059cb9ff978:   00007fffbd0d6019 0000000000000001
0x00000059cb9ff988:   0000017578d93010 0000017551228038
0x00000059cb9ff998:   0000000000000000 0000000084961460
0x00000059cb9ff9a8:   0000000000000000 0000000000000040
0x00000059cb9ff9b8:   00000000000003d8 0000017550352858
0x00000059cb9ff9c8:   000000008496121c 0000017578cfef00
0x00000059cb9ff9d8:   00000000000000eb 0000017551228020
0x00000059cb9ff9e8:   00007fffbd0d8efa 00000056dd6e0000
0x00000059cb9ff9f8:   0000000000000001 0000000000000000
0x00000059cb9ffa08:   0000000000000048 00000175503f64c0
0x00000059cb9ffa18:   0000017550eebf80 00000175511f5c40
0x00000059cb9ffa28:   0000017550eebfb8 000000000000000c
0x00000059cb9ffa38:   00007fffbd0d55de 0000000000000000
0x00000059cb9ffa48:   0000017551228020 0000017550eebf80
0x00000059cb9ffa58:   00000000000003d8 0000000001692d58
0x00000059cb9ffa68:   00000000a6ff5070 0000017550eebfb8
0x00000059cb9ffa78:   000000000000000c 0000017550eebfb8
0x00000059cb9ffa88:   00007fffbd0e6098 00000059cb9f0000
0x00000059cb9ffa98:   00007fffbd160001 0000005900000000
0x00000059cb9ffaa8:   0000000000000078 00000175511f5ba0
0x00000059cb9ffab8:   00007fffbcfa40ad 00000175511f5c40
0x00000059cb9ffac8:   0000017550eebf88 0000017550eec030
0x00000059cb9ffad8:   00007fffbd58a407 0000017550eec018
0x00000059cb9ffae8:   00007fffbd0d555b 0000017550eec018
0x00000059cb9ffaf8:   0000017550eec018 0000000000000000
0x00000059cb9ffb08:   00007fffbd0c8652 000001757f0566f0
0x00000059cb9ffb18:   00007fffbcfa62f8 0000000001691f7e
0x00000059cb9ffb28:   00000000a6f8dec5 0000000001691f80
0x00000059cb9ffb38:   00000000a6f8dfcd 00000059ca3fe801 

Instructions: (pc=0x00007fffbcebe3c1)
0x00007fffbcebe2c1:   08 8b 0d b0 dc a7 00 49 d3 e0 4c 03 05 9e dc a7
0x00007fffbcebe2d1:   00 eb 04 4c 8b 41 08 45 8b 48 08 45 85 c9 7e 0e
0x00007fffbcebe2e1:   41 f6 c1 01 75 53 41 c1 f9 03 49 63 c1 c3 79 49
0x00007fffbcebe2f1:   84 c0 41 b8 0c 00 00 00 8b 05 b9 ed a7 00 b9 10
0x00007fffbcebe301:   00 00 00 41 0f 45 c8 ff c8 4c 63 c0 41 8b c1 48
0x00007fffbcebe311:   c1 f8 10 0f b6 c0 48 63 14 11 41 8b c9 83 e1 3f
0x00007fffbcebe321:   48 d3 e2 49 8d 0c 10 49 f7 d0 48 03 c1 49 c1 e8
0x00007fffbcebe331:   03 48 c1 e8 03 49 23 c0 c3 49 8b 00 49 8b c8 48
0x00007fffbcebe341:   ff a0 00 01 00 00 cc cc cc cc cc cc cc cc cc 4c
0x00007fffbcebe351:   8b c2 48 8b d1 45 8b 48 08 45 85 c9 7e 0e 41 f6
0x00007fffbcebe361:   c1 01 75 56 41 c1 f9 03 49 63 c1 c3 79 4c 80 3d
0x00007fffbcebe371:   a8 f1 a7 00 00 b8 0c 00 00 00 b9 10 00 00 00 0f
0x00007fffbcebe381:   45 c8 8b 05 2f ed a7 00 ff c8 4c 63 c0 41 8b c1
0x00007fffbcebe391:   48 c1 f8 10 48 63 14 11 41 8b c9 83 e1 3f 0f b6
0x00007fffbcebe3a1:   c0 48 d3 e2 49 8d 0c 10 49 f7 d0 48 03 c1 49 c1
0x00007fffbcebe3b1:   e8 03 48 c1 e8 03 49 23 c0 c3 49 8b 00 49 8b c8
0x00007fffbcebe3c1:   48 ff a0 00 01 00 00 cc cc cc cc cc cc cc cc 48
0x00007fffbcebe3d1:   83 ec 28 ba 37 00 00 00 48 8d 0d c8 89 85 00 e8
0x00007fffbcebe3e1:   5b 29 14 00 cc cc cc cc cc cc cc cc cc cc cc 40
0x00007fffbcebe3f1:   53 48 83 ec 20 48 8b d9 49 8b c0 33 c9 45 0f b6
0x00007fffbcebe401:   c1 48 89 0b 48 89 4b 08 48 8b cb 48 89 53 10 48
0x00007fffbcebe411:   8b d0 e8 a8 09 00 00 48 8b c3 48 83 c4 20 5b c3
0x00007fffbcebe421:   cc cc cc cc cc cc cc cc cc cc cc cc cc cc cc 40
0x00007fffbcebe431:   53 48 83 ec 20 33 c0 44 88 41 10 45 0f b6 c1 48
0x00007fffbcebe441:   89 01 48 89 41 08 48 8b d9 e8 81 0a 00 00 48 8b
0x00007fffbcebe451:   c3 48 83 c4 20 5b c3 cc cc cc cc cc cc cc cc 40
0x00007fffbcebe461:   53 48 83 ec 20 33 c0 48 8b d9 48 89 01 48 89 41
0x00007fffbcebe471:   08 e8 09 0c 00 00 48 8b c3 48 83 c4 20 5b c3 48
0x00007fffbcebe481:   8b c1 48 8b 09 48 85 c9 74 3c 48 8b 40 08 48 83
0x00007fffbcebe491:   c0 3f 48 c1 e8 06 48 8d 14 c5 00 00 00 00 48 3b
0x00007fffbcebe4a1:   15 22 f5 a7 00 0f 82 74 06 f8 ff 48 8b 05 85 f8
0x00007fffbcebe4b1:   af 00 48 ff ca 48 03 d0 48 ff c8 48 f7 d0 48 23 


Stack slot to memory mapping:

stack at sp + 0 slots: 0x00007fffbd0d7c6b jvm.dll
stack at sp + 1 slots: 0x0000000000000001 is an unknown value
stack at sp + 2 slots: 0x0000000000000001 is an unknown value
stack at sp + 3 slots: 0x0000000000000001 is an unknown value
stack at sp + 4 slots: 0x0000000000000002 is an unknown value
stack at sp + 5 slots: 0x000000008496145c points into unknown readable memory: f0 d6 95 84
stack at sp + 6 slots: 0x00007fffbd0d6019 jvm.dll
stack at sp + 7 slots: 0x0000000000000001 is an unknown value


---------------  P R O C E S S  ---------------

Threads class SMR info:
_java_thread_list=0x000001755122d560, length=19, elements={
0x0000017578ceab30, 0x000001757f06e7e0, 0x000001757f06fec0, 0x000001757f075370,
0x000001757f076f40, 0x000001757f077d00, 0x000001757f078760, 0x000001757f07cc90,
0x000001750a4e6820, 0x000001750a4e72d0, 0x000001750a548290, 0x000001750a559f10,
0x000001750a55efc0, 0x000001750a569f80, 0x00000175501beac0, 0x00000175501e15a0,
0x000001755029ed40, 0x00000175508b1220, 0x000001755091e980
}

Java Threads: ( => current thread )
  0x0000017578ceab30 JavaThread "main"                              [_thread_blocked, id=2160, stack(0x00000059c9c00000,0x00000059c9d00000) (1024K)]
  0x000001757f06e7e0 JavaThread "Reference Handler"          daemon [_thread_blocked, id=2664, stack(0x00000059ca400000,0x00000059ca500000) (1024K)]
  0x000001757f06fec0 JavaThread "Finalizer"                  daemon [_thread_blocked, id=22576, stack(0x00000059ca500000,0x00000059ca600000) (1024K)]
  0x000001757f075370 JavaThread "Signal Dispatcher"          daemon [_thread_blocked, id=24436, stack(0x00000059ca600000,0x00000059ca700000) (1024K)]
  0x000001757f076f40 JavaThread "Attach Listener"            daemon [_thread_blocked, id=21184, stack(0x00000059ca700000,0x00000059ca800000) (1024K)]
  0x000001757f077d00 JavaThread "Service Thread"             daemon [_thread_blocked, id=9680, stack(0x00000059ca800000,0x00000059ca900000) (1024K)]
  0x000001757f078760 JavaThread "Monitor Deflation Thread"   daemon [_thread_blocked, id=21708, stack(0x00000059ca900000,0x00000059caa00000) (1024K)]
  0x000001757f07cc90 JavaThread "C1 CompilerThread0"         daemon [_thread_blocked, id=18808, stack(0x00000059caa00000,0x00000059cab00000) (1024K)]
  0x000001750a4e6820 JavaThread "Common-Cleaner"             daemon [_thread_blocked, id=9852, stack(0x00000059cab00000,0x00000059cac00000) (1024K)]
  0x000001750a4e72d0 JavaThread "C1 CompilerThread1"         daemon [_thread_blocked, id=1792, stack(0x00000059cac00000,0x00000059cad00000) (1024K)]
  0x000001750a548290 JavaThread "JDWP Transport Listener: dt_socket" daemon [_thread_blocked, id=14248, stack(0x00000059cad00000,0x00000059cae00000) (1024K)]
  0x000001750a559f10 JavaThread "JDWP Event Helper Thread"   daemon [_thread_blocked, id=23112, stack(0x00000059cae00000,0x00000059caf00000) (1024K)]
  0x000001750a55efc0 JavaThread "JDWP Command Reader"        daemon [_thread_in_native, id=24080, stack(0x00000059caf00000,0x00000059cb000000) (1024K)]
  0x000001750a569f80 JavaThread "Notification Thread"        daemon [_thread_blocked, id=19232, stack(0x00000059cb000000,0x00000059cb100000) (1024K)]
  0x00000175501beac0 JavaThread "C1 CompilerThread2"         daemon [_thread_blocked, id=24404, stack(0x00000059cb100000,0x00000059cb200000) (1024K)]
  0x00000175501e15a0 JavaThread "C1 CompilerThread3"         daemon [_thread_blocked, id=23620, stack(0x00000059cb200000,0x00000059cb300000) (1024K)]
  0x000001755029ed40 JavaThread "RMI TCP Accept-0"           daemon [_thread_in_native, id=22588, stack(0x00000059cb300000,0x00000059cb400000) (1024K)]
  0x00000175508b1220 JavaThread "RMI TCP Connection(1)-10.196.60.126" daemon [_thread_in_native, id=4568, stack(0x00000059cbb00000,0x00000059cbc00000) (1024K)]
  0x000001755091e980 JavaThread "RMI Scheduler(0)"           daemon [_thread_blocked, id=24548, stack(0x00000059cbd00000,0x00000059cbe00000) (1024K)]
Total: 19

Other Threads:
  0x000001757f04c580 VMThread "VM Thread"                           [id=23984, stack(0x00000059ca300000,0x00000059ca400000) (1024K)]
  0x000001757f038400 WatcherThread "VM Periodic Task Thread"        [id=24500, stack(0x00000059ca200000,0x00000059ca300000) (1024K)]
  0x0000017578d42610 WorkerThread "GC Thread#0"                     [id=21048, stack(0x00000059c9d00000,0x00000059c9e00000) (1024K)]
  0x000001755040ab70 WorkerThread "GC Thread#1"                     [id=24452, stack(0x00000059cb400000,0x00000059cb500000) (1024K)]
  0x000001755040af10 WorkerThread "GC Thread#2"                     [id=18804, stack(0x00000059cb500000,0x00000059cb600000) (1024K)]
  0x000001755044acf0 WorkerThread "GC Thread#3"                     [id=24372, stack(0x00000059cb600000,0x00000059cb700000) (1024K)]
  0x000001755044f0a0 WorkerThread "GC Thread#4"                     [id=21904, stack(0x00000059cb700000,0x00000059cb800000) (1024K)]
  0x000001755044f440 WorkerThread "GC Thread#5"                     [id=8164, stack(0x00000059cb800000,0x00000059cb900000) (1024K)]
=>0x000001755044fff0 WorkerThread "GC Thread#6"                     [id=14360, stack(0x00000059cb900000,0x00000059cba00000) (1024K)]
  0x0000017550450390 WorkerThread "GC Thread#7"                     [id=24264, stack(0x00000059cba00000,0x00000059cbb00000) (1024K)]
  0x0000017578d53fd0 ConcurrentGCThread "G1 Main Marker"            [id=24384, stack(0x00000059c9e00000,0x00000059c9f00000) (1024K)]
  0x0000017578d549e0 WorkerThread "G1 Conc#0"                       [id=20992, stack(0x00000059c9f00000,0x00000059ca000000) (1024K)]
  0x0000017550cfcf50 WorkerThread "G1 Conc#1"                       [id=23980, stack(0x00000059cbc00000,0x00000059cbd00000) (1024K)]
  0x0000017578dbe8f0 ConcurrentGCThread "G1 Refine#0"               [id=16584, stack(0x00000059ca000000,0x00000059ca100000) (1024K)]
  0x000001757ef094e0 ConcurrentGCThread "G1 Service"                [id=24464, stack(0x00000059ca100000,0x00000059ca200000) (1024K)]
Total: 15

Threads with active compile tasks:
Total: 0

VM state: at safepoint (normal execution)

VM Mutex/Monitor currently owned by a thread:  ([mutex/lock_event])
[0x00007fffbd9bcd68] Threads_lock - owner thread: 0x000001757f04c580
[0x00007fffbd9bce68] Heap_lock - owner thread: 0x0000017578ceab30

Heap address: 0x0000000083800000, size: 1992 MB, Compressed Oops mode: 32-bit

CDS archive(s) mapped at: [0x000001750b000000-0x000001750bc90000-0x000001750bc90000), size 13172736, SharedBaseAddress: 0x000001750b000000, ArchiveRelocationMode: 1.
Compressed class space mapped at: 0x000001750c000000-0x000001754c000000, reserved size: 1073741824
Narrow klass base: 0x000001750b000000, Narrow klass shift: 0, Narrow klass range: 0x100000000

GC Precious Log:
 CardTable entry size: 512
 Card Set container configuration: InlinePtr #cards 5 size 8 Array Of Cards #cards 12 size 40 Howl #buckets 4 coarsen threshold 1843 Howl Bitmap #cards 512 size 80 coarsen threshold 460 Card regions per heap region 1 cards per card region 2048
 CPUs: 8 total, 8 available
 Memory: 7960M
 Large Page Support: Disabled
 NUMA Support: Disabled
 Compressed Oops: Enabled (32-bit)
 Heap Region Size: 1M
 Heap Min Capacity: 8M
 Heap Initial Capacity: 126M
 Heap Max Capacity: 1992M
 Pre-touch: Disabled
 Parallel Workers: 8
 Concurrent Workers: 2
 Concurrent Refinement Workers: 8
 Periodic GC: Disabled

Heap:
 garbage-first heap   total 40960K, used 32534K [0x0000000083800000, 0x0000000100000000)
  region size 1024K, 22 young (22528K), 3 survivors (3072K)
 Metaspace       used 27402K, committed 27968K, reserved 1114112K
  class space    used 3654K, committed 3904K, reserved 1048576K

Heap Regions: E=young(eden), S=young(survivor), O=old, HS=humongous(starts), HC=humongous(continues), CS=collection set, F=free, TAMS=top-at-mark-start, PB=parsable bottom
|   0|0x0000000083800000, 0x0000000083900000, 0x0000000083900000|100%| O|  |TAMS 0x0000000083800000| PB 0x0000000083800000| Untracked 
|   1|0x0000000083900000, 0x0000000083a00000, 0x0000000083a00000|100%| O|  |TAMS 0x0000000083900000| PB 0x0000000083900000| Untracked 
|   2|0x0000000083a00000, 0x0000000083b00000, 0x0000000083b00000|100%| O|  |TAMS 0x0000000083a00000| PB 0x0000000083a00000| Untracked 
|   3|0x0000000083b00000, 0x0000000083c00000, 0x0000000083c00000|100%| O|  |TAMS 0x0000000083b00000| PB 0x0000000083b00000| Untracked 
|   4|0x0000000083c00000, 0x0000000083d00000, 0x0000000083d00000|100%| O|  |TAMS 0x0000000083c00000| PB 0x0000000083c00000| Untracked 
|   5|0x0000000083d00000, 0x0000000083e00000, 0x0000000083e00000|100%| O|  |TAMS 0x0000000083d00000| PB 0x0000000083d00000| Untracked 
|   6|0x0000000083e00000, 0x0000000083f00000, 0x0000000083f00000|100%| O|  |TAMS 0x0000000083e00000| PB 0x0000000083e00000| Untracked 
|   7|0x0000000083f00000, 0x0000000084000000, 0x0000000084000000|100%| O|  |TAMS 0x0000000083f00000| PB 0x0000000083f00000| Untracked 
|   8|0x0000000084000000, 0x0000000084100000, 0x0000000084100000|100%| O|  |TAMS 0x0000000084000000| PB 0x0000000084000000| Untracked 
|   9|0x0000000084100000, 0x0000000084200000, 0x0000000084200000|100%| O|  |TAMS 0x0000000084100000| PB 0x0000000084100000| Untracked 
|  10|0x0000000084200000, 0x0000000084300000, 0x0000000084300000|100%| O|  |TAMS 0x0000000084200000| PB 0x0000000084200000| Untracked 
|  11|0x0000000084300000, 0x0000000084389250, 0x0000000084400000| 53%| O|  |TAMS 0x0000000084300000| PB 0x0000000084300000| Untracked 
|  12|0x0000000084400000, 0x0000000084400000, 0x0000000084500000|  0%| F|  |TAMS 0x0000000084400000| PB 0x0000000084400000| Untracked 
|  13|0x0000000084500000, 0x0000000084500000, 0x0000000084600000|  0%| F|  |TAMS 0x0000000084500000| PB 0x0000000084500000| Untracked 
|  14|0x0000000084600000, 0x0000000084600000, 0x0000000084700000|  0%| F|  |TAMS 0x0000000084600000| PB 0x0000000084600000| Untracked 
|  15|0x0000000084700000, 0x0000000084800000, 0x0000000084800000|100%| S|  |TAMS 0x0000000084700000| PB 0x0000000084700000| Complete 
|  16|0x0000000084800000, 0x0000000084900000, 0x0000000084900000|100%| S|  |TAMS 0x0000000084800000| PB 0x0000000084800000| Complete 
|  17|0x0000000084900000, 0x0000000084a00000, 0x0000000084a00000|100%| S|  |TAMS 0x0000000084900000| PB 0x0000000084900000| Complete 
|  18|0x0000000084a00000, 0x0000000084ad5000, 0x0000000084b00000| 83%| E|CS|TAMS 0x0000000084a00000| PB 0x0000000084a00000| Complete 
|  19|0x0000000084b00000, 0x0000000084c00000, 0x0000000084c00000|100%| E|CS|TAMS 0x0000000084b00000| PB 0x0000000084b00000| Complete 
|  20|0x0000000084c00000, 0x0000000084d00000, 0x0000000084d00000|100%| E|CS|TAMS 0x0000000084c00000| PB 0x0000000084c00000| Complete 
|  21|0x0000000084d00000, 0x0000000084e00000, 0x0000000084e00000|100%| E|CS|TAMS 0x0000000084d00000| PB 0x0000000084d00000| Complete 
|  22|0x0000000084e00000, 0x0000000084f00000, 0x0000000084f00000|100%| E|CS|TAMS 0x0000000084e00000| PB 0x0000000084e00000| Complete 
|  23|0x0000000084f00000, 0x0000000085000000, 0x0000000085000000|100%| E|CS|TAMS 0x0000000084f00000| PB 0x0000000084f00000| Complete 
|  24|0x0000000085000000, 0x0000000085100000, 0x0000000085100000|100%| E|CS|TAMS 0x0000000085000000| PB 0x0000000085000000| Complete 
|  25|0x0000000085100000, 0x0000000085200000, 0x0000000085200000|100%| E|CS|TAMS 0x0000000085100000| PB 0x0000000085100000| Complete 
|  26|0x0000000085200000, 0x0000000085300000, 0x0000000085300000|100%| E|CS|TAMS 0x0000000085200000| PB 0x0000000085200000| Complete 
|  27|0x0000000085300000, 0x0000000085400000, 0x0000000085400000|100%| E|CS|TAMS 0x0000000085300000| PB 0x0000000085300000| Complete 
|  28|0x0000000085400000, 0x0000000085500000, 0x0000000085500000|100%| E|CS|TAMS 0x0000000085400000| PB 0x0000000085400000| Complete 
|  29|0x0000000085500000, 0x0000000085600000, 0x0000000085600000|100%| E|CS|TAMS 0x0000000085500000| PB 0x0000000085500000| Complete 
|  30|0x0000000085600000, 0x0000000085700000, 0x0000000085700000|100%| E|CS|TAMS 0x0000000085600000| PB 0x0000000085600000| Complete 
|  31|0x0000000085700000, 0x0000000085800000, 0x0000000085800000|100%| E|CS|TAMS 0x0000000085700000| PB 0x0000000085700000| Complete 
|  32|0x0000000085800000, 0x0000000085900000, 0x0000000085900000|100%| E|CS|TAMS 0x0000000085800000| PB 0x0000000085800000| Complete 
|  78|0x0000000088600000, 0x0000000088700000, 0x0000000088700000|100%| E|CS|TAMS 0x0000000088600000| PB 0x0000000088600000| Complete 
|  79|0x0000000088700000, 0x0000000088800000, 0x0000000088800000|100%| E|CS|TAMS 0x0000000088700000| PB 0x0000000088700000| Complete 
|  80|0x0000000088800000, 0x0000000088900000, 0x0000000088900000|100%| E|CS|TAMS 0x0000000088800000| PB 0x0000000088800000| Complete 
|  81|0x0000000088900000, 0x0000000088a00000, 0x0000000088a00000|100%| E|CS|TAMS 0x0000000088900000| PB 0x0000000088900000| Complete 
|  82|0x0000000088a00000, 0x0000000088b00000, 0x0000000088b00000|100%| E|CS|TAMS 0x0000000088a00000| PB 0x0000000088a00000| Complete 
|  83|0x0000000088b00000, 0x0000000088c00000, 0x0000000088c00000|100%| E|CS|TAMS 0x0000000088b00000| PB 0x0000000088b00000| Complete 
| 125|0x000000008b500000, 0x000000008b600000, 0x000000008b600000|100%| E|CS|TAMS 0x000000008b500000| PB 0x000000008b500000| Complete 

Card table byte_map: [0x000001757c2c0000,0x000001757c6b0000] _byte_map_base: 0x000001757bea4000

Marking Bits: (CMBitMap*) 0x0000017578d42c20
 Bits: [0x000001757c6b0000, 0x000001757e5d0000)

Polling page: 0x0000017576e50000

Metaspace:

Usage:
  Non-class:     23.19 MB used.
      Class:      3.57 MB used.
       Both:     26.76 MB used.

Virtual space:
  Non-class space:       64.00 MB reserved,      23.50 MB ( 37%) committed,  1 nodes.
      Class space:        1.00 GB reserved,       3.81 MB ( <1%) committed,  1 nodes.
             Both:        1.06 GB reserved,      27.31 MB (  3%) committed. 

Chunk freelists:
   Non-Class:  7.74 MB
       Class:  12.20 MB
        Both:  19.93 MB

MaxMetaspaceSize: unlimited
CompressedClassSpaceSize: 1.00 GB
Initial GC threshold: 21.00 MB
Current GC threshold: 33.06 MB
CDS: on
 - commit_granule_bytes: 65536.
 - commit_granule_words: 8192.
 - virtual_space_node_default_size: 8388608.
 - enlarge_chunks_in_place: 1.
 - use_allocation_guard: 0.


Internal statistics:

num_allocs_failed_limit: 0.
num_arena_births: 702.
num_arena_deaths: 0.
num_vsnodes_births: 2.
num_vsnodes_deaths: 0.
num_space_committed: 437.
num_space_uncommitted: 0.
num_chunks_returned_to_freelist: 0.
num_chunks_taken_from_freelist: 1632.
num_chunk_merges: 0.
num_chunk_splits: 1075.
num_chunks_enlarged: 742.
num_inconsistent_stats: 0.

CodeCache: size=49152Kb used=9490Kb max_used=9490Kb free=39661Kb
 bounds [0x0000017578dc0000, 0x0000017579710000, 0x000001757bdc0000]
 total_blobs=4405 nmethods=3859 adapters=466
 compilation: enabled
              stopped_count=0, restarted_count=0
 full_count=0

Compilation events (20 events):
Event: 2.334 Thread 0x000001750a4e72d0 3847       1       sun.nio.cs.UTF_8$Decoder::decodeLoop (28 bytes)
Event: 2.334 Thread 0x000001757f07cc90 3848       1       sun.nio.cs.UTF_8$Decoder::decodeArrayLoop (688 bytes)
Event: 2.334 Thread 0x00000175501e15a0 3849       1       sun.nio.cs.UTF_8$Decoder::xflow (31 bytes)
Event: 2.334 Thread 0x00000175501e15a0 nmethod 3849 0x00000175796fb190 code [0x00000175796fb380, 0x00000175796fb578]
Event: 2.334 Thread 0x000001750a4e72d0 nmethod 3847 0x00000175796fb690 code [0x00000175796fb840, 0x00000175796fba10]
Event: 2.336 Thread 0x000001757f07cc90 nmethod 3848 0x00000175796fbb10 code [0x00000175796fc220, 0x00000175796fe040]
Event: 2.339 Thread 0x000001757f07cc90 3850       1       java.lang.invoke.MethodHandles::argumentsWithCombinerChecks (197 bytes)
Event: 2.339 Thread 0x00000175501beac0 3851       1       java.lang.invoke.MethodHandles::argumentsWithCombiner (130 bytes)
Event: 2.340 Thread 0x00000175501beac0 nmethod 3851 0x00000175796ff690 code [0x00000175796ff8c0, 0x00000175796ffe08]
Event: 2.340 Thread 0x000001757f07cc90 nmethod 3850 0x0000017579700390 code [0x00000175797006a0, 0x0000017579701048]
Event: 2.342 Thread 0x000001757f07cc90 3852       1       ch.qos.logback.classic.Logger::<init> (25 bytes)
Event: 2.342 Thread 0x000001757f07cc90 nmethod 3852 0x0000017579701890 code [0x0000017579701a40, 0x0000017579701c18]
Event: 2.342 Thread 0x000001757f07cc90 3853       1       java.util.logging.LogManager$LoggerContext::getGlobalLogger (6 bytes)
Event: 2.342 Thread 0x000001757f07cc90 nmethod 3853 0x0000017579701c90 code [0x0000017579701e20, 0x0000017579701ef0]
Event: 2.344 Thread 0x000001757f07cc90 3854       1       java.lang.invoke.LambdaFormEditor::oldSpeciesData (8 bytes)
Event: 2.344 Thread 0x000001757f07cc90 nmethod 3854 0x0000017579702590 code [0x0000017579702740, 0x00000175797028d8]
Event: 2.354 Thread 0x00000175501beac0 3857       1       java.util.ResourceBundle$KeyElementReference::<init> (12 bytes)
Event: 2.354 Thread 0x00000175501beac0 nmethod 3857 0x0000017579703610 code [0x00000175797037c0, 0x00000175797039b0]
Event: 2.366 Thread 0x00000175501beac0 3860       1       java.lang.invoke.LambdaForm::arity (5 bytes)
Event: 2.366 Thread 0x00000175501beac0 nmethod 3860 0x0000017579704690 code [0x0000017579704820, 0x00000175797048e8]

GC Heap History (11 events):
Event: 0.688 GC heap before
{Heap before GC invocations=0 (full 0):
 garbage-first heap   total 129024K, used 23552K [0x0000000083800000, 0x0000000100000000)
  region size 1024K, 23 young (23552K), 0 survivors (0K)
 Metaspace       used 6469K, committed 6720K, reserved 1114112K
  class space    used 760K, committed 896K, reserved 1048576K
}
Event: 0.692 GC heap after
{Heap after GC invocations=1 (full 0):
 garbage-first heap   total 129024K, used 5041K [0x0000000083800000, 0x0000000100000000)
  region size 1024K, 3 young (3072K), 3 survivors (3072K)
 Metaspace       used 6469K, committed 6720K, reserved 1114112K
  class space    used 760K, committed 896K, reserved 1048576K
}
Event: 1.180 GC heap before
{Heap before GC invocations=1 (full 0):
 garbage-first heap   total 129024K, used 33713K [0x0000000083800000, 0x0000000100000000)
  region size 1024K, 32 young (32768K), 3 survivors (3072K)
 Metaspace       used 13046K, committed 13440K, reserved 1114112K
  class space    used 1692K, committed 1856K, reserved 1048576K
}
Event: 1.185 GC heap after
{Heap after GC invocations=2 (full 0):
 garbage-first heap   total 129024K, used 7789K [0x0000000083800000, 0x0000000100000000)
  region size 1024K, 3 young (3072K), 3 survivors (3072K)
 Metaspace       used 13046K, committed 13440K, reserved 1114112K
  class space    used 1692K, committed 1856K, reserved 1048576K
}
Event: 1.512 GC heap before
{Heap before GC invocations=2 (full 0):
 garbage-first heap   total 129024K, used 45677K [0x0000000083800000, 0x0000000100000000)
  region size 1024K, 42 young (43008K), 3 survivors (3072K)
 Metaspace       used 19872K, committed 20288K, reserved 1114112K
  class space    used 2577K, committed 2752K, reserved 1048576K
}
Event: 1.517 GC heap after
{Heap after GC invocations=3 (full 0):
 garbage-first heap   total 129024K, used 11113K [0x0000000083800000, 0x0000000100000000)
  region size 1024K, 6 young (6144K), 6 survivors (6144K)
 Metaspace       used 19872K, committed 20288K, reserved 1114112K
  class space    used 2577K, committed 2752K, reserved 1048576K
}
Event: 1.769 GC heap before
{Heap before GC invocations=4 (full 0):
 garbage-first heap   total 40960K, used 29545K [0x0000000083800000, 0x0000000100000000)
  region size 1024K, 24 young (24576K), 6 survivors (6144K)
 Metaspace       used 21111K, committed 21504K, reserved 1114112K
  class space    used 2776K, committed 2944K, reserved 1048576K
}
Event: 1.776 GC heap after
{Heap after GC invocations=5 (full 0):
 garbage-first heap   total 40960K, used 12105K [0x0000000083800000, 0x0000000100000000)
  region size 1024K, 2 young (2048K), 2 survivors (2048K)
 Metaspace       used 21111K, committed 21504K, reserved 1114112K
  class space    used 2776K, committed 2944K, reserved 1048576K
}
Event: 2.066 GC heap before
{Heap before GC invocations=5 (full 0):
 garbage-first heap   total 40960K, used 31561K [0x0000000083800000, 0x0000000100000000)
  region size 1024K, 21 young (21504K), 2 survivors (2048K)
 Metaspace       used 23867K, committed 24384K, reserved 1114112K
  class space    used 3180K, committed 3392K, reserved 1048576K
}
Event: 2.070 GC heap after
{Heap after GC invocations=6 (full 0):
 garbage-first heap   total 40960K, used 13078K [0x0000000083800000, 0x0000000100000000)
  region size 1024K, 3 young (3072K), 3 survivors (3072K)
 Metaspace       used 23867K, committed 24384K, reserved 1114112K
  class space    used 3180K, committed 3392K, reserved 1048576K
}
Event: 2.366 GC heap before
{Heap before GC invocations=6 (full 0):
 garbage-first heap   total 40960K, used 31510K [0x0000000083800000, 0x0000000100000000)
  region size 1024K, 22 young (22528K), 3 survivors (3072K)
 Metaspace       used 27402K, committed 27968K, reserved 1114112K
  class space    used 3654K, committed 3904K, reserved 1048576K
}

Dll operation events (11 events):
Event: 0.011 Loaded shared library D:\Sia\JDK21\bin\java.dll
Event: 0.012 Loaded shared library D:\Sia\JDK21\bin\zip.dll
Event: 0.138 Loaded shared library D:\Sia\JDK21\bin\instrument.dll
Event: 0.163 Loaded shared library D:\Sia\JDK21\bin\jimage.dll
Event: 0.181 Loaded shared library D:\Sia\JDK21\bin\net.dll
Event: 0.183 Loaded shared library D:\Sia\JDK21\bin\nio.dll
Event: 0.190 Loaded shared library D:\Sia\JDK21\bin\zip.dll
Event: 0.270 Loaded shared library D:\Sia\JDK21\bin\management.dll
Event: 0.282 Loaded shared library D:\Sia\JDK21\bin\management_ext.dll
Event: 0.551 Loaded shared library D:\Sia\JDK21\bin\extnet.dll
Event: 1.424 Loaded shared library D:\Sia\JDK21\bin\sunmscapi.dll

Deoptimization events (20 events):
Event: 2.361 Thread 0x0000017578ceab30 DEOPT PACKING pc=0x00000175792b87d9 sp=0x00000059c9cfc810
Event: 2.361 Thread 0x0000017578ceab30 DEOPT UNPACKING pc=0x0000017578e188e2 sp=0x00000059c9cfbc68 mode 1
Event: 2.361 Thread 0x0000017578ceab30 DEOPT PACKING pc=0x00000175792b7b2c sp=0x00000059c9cfc8a0
Event: 2.361 Thread 0x0000017578ceab30 DEOPT UNPACKING pc=0x0000017578e188e2 sp=0x00000059c9cfbd58 mode 1
Event: 2.361 Thread 0x0000017578ceab30 DEOPT PACKING pc=0x00000175792b87d9 sp=0x00000059c9cfc8d0
Event: 2.361 Thread 0x0000017578ceab30 DEOPT UNPACKING pc=0x0000017578e188e2 sp=0x00000059c9cfbd28 mode 1
Event: 2.361 Thread 0x0000017578ceab30 DEOPT PACKING pc=0x00000175792b7b2c sp=0x00000059c9cfc960
Event: 2.361 Thread 0x0000017578ceab30 DEOPT UNPACKING pc=0x0000017578e188e2 sp=0x00000059c9cfbe18 mode 1
Event: 2.361 Thread 0x0000017578ceab30 DEOPT PACKING pc=0x00000175792b87d9 sp=0x00000059c9cfc9a0
Event: 2.361 Thread 0x0000017578ceab30 DEOPT UNPACKING pc=0x0000017578e188e2 sp=0x00000059c9cfbdf8 mode 1
Event: 2.361 Thread 0x0000017578ceab30 DEOPT PACKING pc=0x00000175792b7b2c sp=0x00000059c9cfca30
Event: 2.361 Thread 0x0000017578ceab30 DEOPT UNPACKING pc=0x0000017578e188e2 sp=0x00000059c9cfbee8 mode 1
Event: 2.362 Thread 0x0000017578ceab30 DEOPT PACKING pc=0x00000175792b87d9 sp=0x00000059c9cfca60
Event: 2.362 Thread 0x0000017578ceab30 DEOPT UNPACKING pc=0x0000017578e188e2 sp=0x00000059c9cfbeb8 mode 1
Event: 2.362 Thread 0x0000017578ceab30 DEOPT PACKING pc=0x00000175792b7b2c sp=0x00000059c9cfcaf0
Event: 2.362 Thread 0x0000017578ceab30 DEOPT UNPACKING pc=0x0000017578e188e2 sp=0x00000059c9cfbfa8 mode 1
Event: 2.362 Thread 0x0000017578ceab30 DEOPT PACKING pc=0x00000175792b87d9 sp=0x00000059c9cfcb30
Event: 2.362 Thread 0x0000017578ceab30 DEOPT UNPACKING pc=0x0000017578e188e2 sp=0x00000059c9cfbf88 mode 1
Event: 2.362 Thread 0x0000017578ceab30 DEOPT PACKING pc=0x00000175792b7b2c sp=0x00000059c9cfcbc0
Event: 2.362 Thread 0x0000017578ceab30 DEOPT UNPACKING pc=0x0000017578e188e2 sp=0x00000059c9cfc078 mode 1

Classes loaded (20 events):
Event: 2.361 Loading class org/apache/catalina/security/LocalStrings
Event: 2.361 Loading class org/apache/catalina/security/LocalStrings done
Event: 2.361 Loading class org/apache/catalina/security/LocalStrings_zh
Event: 2.361 Loading class org/apache/catalina/security/LocalStrings_zh done
Event: 2.361 Loading class org/apache/catalina/security/LocalStrings_zh_CN
Event: 2.361 Loading class org/apache/catalina/security/LocalStrings_zh_CN done
Event: 2.362 Loading class org/apache/catalina/security/LocalStrings_zh_Hans
Event: 2.362 Loading class org/apache/catalina/security/LocalStrings_zh_Hans done
Event: 2.362 Loading class org/apache/catalina/security/LocalStrings_zh_Hans_CN
Event: 2.362 Loading class org/apache/catalina/security/LocalStrings_zh_Hans_CN done
Event: 2.362 Loading class org/apache/catalina/webresources/CachedResource
Event: 2.362 Loading class org/apache/catalina/webresources/CachedResource done
Event: 2.363 Loading class org/apache/catalina/webresources/CachedResource$CachedResourceURLStreamHandler
Event: 2.363 Loading class org/apache/catalina/webresources/CachedResource$CachedResourceURLStreamHandler done
Event: 2.363 Loading class org/apache/tomcat/util/compat/JrePlatform
Event: 2.363 Loading class org/apache/tomcat/util/compat/JrePlatform done
Event: 2.364 Loading class org/apache/catalina/webresources/EmptyResource
Event: 2.364 Loading class org/apache/catalina/webresources/EmptyResource done
Event: 2.366 Loading class org/apache/catalina/startup/WebAnnotationSet
Event: 2.366 Loading class org/apache/catalina/startup/WebAnnotationSet done

Classes unloaded (0 events):
No events

Classes redefined (0 events):
No events

Internal exceptions (20 events):
Event: 2.054 Thread 0x0000017578ceab30 Exception <a 'java/lang/NoClassDefFoundError'{0x0000000084d59668}: jakarta/persistence/EntityManagerFactory> (0x0000000084d59668) 
thrown [s\open\src\hotspot\share\classfile\systemDictionary.cpp, line 301]
Event: 2.054 Thread 0x0000017578ceab30 Exception <a 'java/lang/NoClassDefFoundError'{0x0000000084d5b460}: org/springframework/batch/core/repository/JobRepository> (0x0000000084d5b460) 
thrown [s\open\src\hotspot\share\classfile\systemDictionary.cpp, line 301]
Event: 2.055 Thread 0x0000017578ceab30 Exception <a 'java/lang/NoClassDefFoundError'{0x0000000084d5cdb8}: org/quartz/Scheduler> (0x0000000084d5cdb8) 
thrown [s\open\src\hotspot\share\classfile\systemDictionary.cpp, line 301]
Event: 2.055 Thread 0x0000017578ceab30 Exception <a 'java/lang/NoClassDefFoundError'{0x0000000084d5ebc8}: org/springframework/session/jdbc/JdbcIndexedSessionRepository> (0x0000000084d5ebc8) 
thrown [s\open\src\hotspot\share\classfile\systemDictionary.cpp, line 301]
Event: 2.081 Thread 0x0000017578ceab30 Exception <a 'java/lang/NoSuchMethodError'{0x000000008b580420}: 'void java.lang.invoke.DirectMethodHandle$Holder.invokeSpecial(java.lang.Object, java.lang.Object, java.lang.Object, java.lang.Object, java.lang.Object, java.lang.Object)'> (0x000000008b580420) 
thrown [s\open\src\hotspot\share\interpreter\linkResolver.cpp, line 773]
Event: 2.115 Thread 0x0000017578ceab30 Exception <a 'java/lang/NoSuchMethodError'{0x0000000088a8c290}: 'java.lang.Object java.lang.invoke.DirectMethodHandle$Holder.invokeVirtual(java.lang.Object, java.lang.Object, java.lang.Object, java.lang.Object, java.lang.Object)'> (0x0000000088a8c290) 
thrown [s\open\src\hotspot\share\interpreter\linkResolver.cpp, line 773]
Event: 2.164 Thread 0x0000017578ceab30 Exception <a 'java/lang/NoSuchMethodError'{0x0000000088798580}: 'java.lang.reflect.Field[] java.lang.Class.getDeclaredFields(java.lang.Class)'> (0x0000000088798580) 
thrown [s\open\src\hotspot\share\interpreter\linkResolver.cpp, line 773]
Event: 2.171 Thread 0x0000017578ceab30 Exception <a 'java/lang/NoSuchMethodError'{0x00000000887fe808}: 'java.lang.Object java.lang.invoke.DirectMethodHandle$Holder.invokeVirtual(java.lang.Object, java.lang.Object, java.lang.Object, java.lang.Object, java.lang.Object, java.lang.Object)'> (0x00000000887fe808) 
thrown [s\open\src\hotspot\share\interpreter\linkResolver.cpp, line 773]
Event: 2.191 Thread 0x0000017578ceab30 Exception <a 'java/lang/NoSuchMethodError'{0x000000008580b038}: 'void java.lang.invoke.DirectMethodHandle$Holder.invokeInterface(java.lang.Object, java.lang.Object, int)'> (0x000000008580b038) 
thrown [s\open\src\hotspot\share\interpreter\linkResolver.cpp, line 773]
Event: 2.195 Thread 0x0000017578ceab30 Exception <a 'java/lang/IncompatibleClassChangeError'{0x000000008584d288}: Found class java.lang.Object, but interface was expected> (0x000000008584d288) 
thrown [s\open\src\hotspot\share\interpreter\linkResolver.cpp, line 840]
Event: 2.196 Thread 0x0000017578ceab30 Exception <a 'java/lang/NoSuchMethodError'{0x0000000085862430}: 'void java.lang.invoke.DirectMethodHandle$Holder.invokeStatic(java.lang.Object, int, java.lang.Object)'> (0x0000000085862430) 
thrown [s\open\src\hotspot\share\interpreter\linkResolver.cpp, line 773]
Event: 2.201 Thread 0x0000017578ceab30 Exception <a 'java/lang/NoSuchMethodError'{0x00000000858980c0}: 'void java.lang.invoke.DirectMethodHandle$Holder.invokeStatic(java.lang.Object, java.lang.Object, java.lang.Object, int, java.lang.Object)'> (0x00000000858980c0) 
thrown [s\open\src\hotspot\share\interpreter\linkResolver.cpp, line 773]
Event: 2.201 Thread 0x0000017578ceab30 Exception <a 'java/lang/NoSuchMethodError'{0x000000008589e900}: 'java.lang.Object java.lang.invoke.DirectMethodHandle$Holder.newInvokeSpecial(java.lang.Object, java.lang.Object, java.lang.Object, int)'> (0x000000008589e900) 
thrown [s\open\src\hotspot\share\interpreter\linkResolver.cpp, line 773]
Event: 2.201 Thread 0x0000017578ceab30 Exception <a 'java/lang/NoSuchMethodError'{0x00000000858bd7f8}: 'java.lang.Object java.lang.invoke.DirectMethodHandle$Holder.invokeSpecial(java.lang.Object, java.lang.Object, java.lang.Object, java.lang.Object, int)'> (0x00000000858bd7f8) 
thrown [s\open\src\hotspot\share\interpreter\linkResolver.cpp, line 773]
Event: 2.201 Thread 0x0000017578ceab30 Exception <a 'java/lang/NoSuchMethodError'{0x00000000858c0c80}: 'java.lang.Object java.lang.invoke.Invokers$Holder.linkToTargetMethod(java.lang.Object, java.lang.Object, int, java.lang.Object)'> (0x00000000858c0c80) 
thrown [s\open\src\hotspot\share\interpreter\linkResolver.cpp, line 773]
Event: 2.253 Thread 0x0000017578ceab30 Exception <a 'java/lang/NoSuchMethodError'{0x00000000854b92c8}: 'java.lang.Object java.lang.invoke.DirectMethodHandle$Holder.invokeStaticInit(java.lang.Object, int)'> (0x00000000854b92c8) 
thrown [s\open\src\hotspot\share\interpreter\linkResolver.cpp, line 773]
Event: 2.253 Thread 0x0000017578ceab30 Exception <a 'java/lang/NoSuchMethodError'{0x00000000854c4460}: 'java.lang.Object java.lang.invoke.DirectMethodHandle$Holder.invokeStatic(java.lang.Object, int, java.lang.Object)'> (0x00000000854c4460) 
thrown [s\open\src\hotspot\share\interpreter\linkResolver.cpp, line 773]
Event: 2.253 Thread 0x0000017578ceab30 Exception <a 'java/lang/NoSuchMethodError'{0x00000000854c7ab0}: 'java.lang.Object java.lang.invoke.DirectMethodHandle$Holder.invokeStaticInit(java.lang.Object, int, java.lang.Object)'> (0x00000000854c7ab0) 
thrown [s\open\src\hotspot\share\interpreter\linkResolver.cpp, line 773]
Event: 2.330 Thread 0x0000017578ceab30 Exception <a 'java/lang/NoSuchMethodError'{0x0000000084fb2890}: 'int java.lang.invoke.DirectMethodHandle$Holder.invokeVirtual(java.lang.Object, java.lang.Object, java.lang.Object, java.lang.Object)'> (0x0000000084fb2890) 
thrown [s\open\src\hotspot\share\interpreter\linkResolver.cpp, line 773]
Event: 2.330 Thread 0x0000017578ceab30 Exception <a 'java/lang/NoSuchMethodError'{0x0000000084fb62f8}: 'int java.lang.invoke.DelegatingMethodHandle$Holder.reinvoke_L(java.lang.Object, java.lang.Object, java.lang.Object, java.lang.Object)'> (0x0000000084fb62f8) 
thrown [s\open\src\hotspot\share\interpreter\linkResolver.cpp, line 773]

ZGC Phase Switch (0 events):
No events

VM Operations (20 events):
Event: 1.526 Executing VM operation: G1PauseCleanup done
Event: 1.769 Executing VM operation: G1CollectForAllocation (G1 Evacuation Pause)
Event: 1.776 Executing VM operation: G1CollectForAllocation (G1 Evacuation Pause) done
Event: 1.823 Executing VM operation: HandshakeAllThreads (Deoptimize)
Event: 1.823 Executing VM operation: HandshakeAllThreads (Deoptimize) done
Event: 1.825 Executing VM operation: HandshakeAllThreads (Deoptimize)
Event: 1.825 Executing VM operation: HandshakeAllThreads (Deoptimize) done
Event: 1.980 Executing VM operation: HandshakeAllThreads (Deoptimize)
Event: 1.980 Executing VM operation: HandshakeAllThreads (Deoptimize) done
Event: 2.066 Executing VM operation: G1CollectForAllocation (G1 Evacuation Pause)
Event: 2.070 Executing VM operation: G1CollectForAllocation (G1 Evacuation Pause) done
Event: 2.235 Executing VM operation: HandshakeAllThreads (Deoptimize)
Event: 2.235 Executing VM operation: HandshakeAllThreads (Deoptimize) done
Event: 2.322 Executing VM operation: HandshakeAllThreads (Deoptimize)
Event: 2.322 Executing VM operation: HandshakeAllThreads (Deoptimize) done
Event: 2.323 Executing VM operation: HandshakeAllThreads (Deoptimize)
Event: 2.323 Executing VM operation: HandshakeAllThreads (Deoptimize) done
Event: 2.356 Executing VM operation: HandshakeAllThreads (Deoptimize)
Event: 2.356 Executing VM operation: HandshakeAllThreads (Deoptimize) done
Event: 2.366 Executing VM operation: G1CollectForAllocation (G1 Evacuation Pause)

Events (20 events):
Event: 0.106 Thread 0x000001750a4e72d0 Thread added: 0x000001750a4e72d0
Event: 0.121 Thread 0x000001750a548290 Thread added: 0x000001750a548290
Event: 0.121 Thread 0x000001750a559f10 Thread added: 0x000001750a559f10
Event: 0.121 Thread 0x000001750a55efc0 Thread added: 0x000001750a55efc0
Event: 0.154 Thread 0x000001750a569f80 Thread added: 0x000001750a569f80
Event: 0.427 Thread 0x00000175501beac0 Thread added: 0x00000175501beac0
Event: 0.427 Thread 0x00000175501e15a0 Thread added: 0x00000175501e15a0
Event: 0.553 Thread 0x000001755029ed40 Thread added: 0x000001755029ed40
Event: 1.127 Thread 0x00000175508b1220 Thread added: 0x00000175508b1220
Event: 1.139 Thread 0x00000175508b2060 Thread added: 0x00000175508b2060
Event: 1.152 Thread 0x000001755091e980 Thread added: 0x000001755091e980
Event: 1.159 Thread 0x0000017550900270 Thread added: 0x0000017550900270
Event: 1.186 Thread 0x0000017550900270 Thread exited: 0x0000017550900270
Event: 1.430 Thread 0x00000175508b2060 Thread exited: 0x00000175508b2060
Event: 1.462 Thread 0x00000175508b2060 Thread added: 0x00000175508b2060
Event: 1.481 Thread 0x00000175508b2060 Thread exited: 0x00000175508b2060
Event: 1.688 Thread 0x000001755100be10 Thread added: 0x000001755100be10
Event: 1.693 Thread 0x000001755100be10 Thread exited: 0x000001755100be10
Event: 2.195 Thread 0x00000175512d3460 Thread added: 0x00000175512d3460
Event: 2.200 Thread 0x00000175512d3460 Thread exited: 0x00000175512d3460


Dynamic libraries:
0x00007ff746500000 - 0x00007ff746510000 	D:\Sia\JDK21\bin\java.exe
0x00007ff80d8f0000 - 0x00007ff80dae5000 	C:\WINDOWS\SYSTEM32\ntdll.dll
0x00007ff80c010000 - 0x00007ff80c0cd000 	C:\WINDOWS\System32\KERNEL32.DLL
0x00007ff80b680000 - 0x00007ff80b948000 	C:\WINDOWS\System32\KERNELBASE.dll
0x00007ff80b420000 - 0x00007ff80b520000 	C:\WINDOWS\System32\ucrtbase.dll
0x00007fffe9170000 - 0x00007fffe918b000 	D:\Sia\JDK21\bin\VCRUNTIME140.dll
0x00007fffe9150000 - 0x00007fffe9169000 	D:\Sia\JDK21\bin\jli.dll
0x00007ff80c280000 - 0x00007ff80c32c000 	C:\WINDOWS\System32\ADVAPI32.dll
0x00007ff80bd10000 - 0x00007ff80bdae000 	C:\WINDOWS\System32\msvcrt.dll
0x00007ff80d030000 - 0x00007ff80d0cb000 	C:\WINDOWS\System32\sechost.dll
0x00007ff80b950000 - 0x00007ff80ba7b000 	C:\WINDOWS\System32\RPCRT4.dll
0x00007ff80bb50000 - 0x00007ff80bcf0000 	C:\WINDOWS\System32\USER32.dll
0x00007ff80b030000 - 0x00007ff80b052000 	C:\WINDOWS\System32\win32u.dll
0x00007fffedb30000 - 0x00007fffeddca000 	C:\WINDOWS\WinSxS\amd64_microsoft.windows.common-controls_6595b64144ccf1df_6.0.19041.844_none_ca00b6081b84eb1d\COMCTL32.dll
0x00007ff80c340000 - 0x00007ff80c36a000 	C:\WINDOWS\System32\GDI32.dll
0x00007ff80b1f0000 - 0x00007ff80b2fb000 	C:\WINDOWS\System32\gdi32full.dll
0x00007ff80b300000 - 0x00007ff80b39d000 	C:\WINDOWS\System32\msvcp_win.dll
0x00007ff800a80000 - 0x00007ff800a8a000 	C:\WINDOWS\SYSTEM32\VERSION.dll
0x00007ff80d680000 - 0x00007ff80d6b0000 	C:\WINDOWS\System32\IMM32.DLL
0x00007fffeb640000 - 0x00007fffeb64c000 	D:\Sia\JDK21\bin\vcruntime140_1.dll
0x00007fffe05c0000 - 0x00007fffe064e000 	D:\Sia\JDK21\bin\msvcp140.dll
0x00007fffbcd80000 - 0x00007fffbda97000 	D:\Sia\JDK21\bin\server\jvm.dll
0x00007ff80d840000 - 0x00007ff80d8ab000 	C:\WINDOWS\System32\WS2_32.dll
0x00007ff80a620000 - 0x00007ff80a66b000 	C:\WINDOWS\SYSTEM32\POWRPROF.dll
0x00007ffff5d30000 - 0x00007ffff5d57000 	C:\WINDOWS\SYSTEM32\WINMM.dll
0x00007ff80a490000 - 0x00007ff80a4a2000 	C:\WINDOWS\SYSTEM32\UMPDC.dll
0x00007ff809900000 - 0x00007ff809912000 	C:\WINDOWS\SYSTEM32\kernel.appcore.dll
0x00007fffeb620000 - 0x00007fffeb62a000 	D:\Sia\JDK21\bin\jimage.dll
0x00007ff809610000 - 0x00007ff8097f4000 	C:\WINDOWS\SYSTEM32\DBGHELP.DLL
0x00007ffff70e0000 - 0x00007ffff710c000 	C:\WINDOWS\SYSTEM32\dbgcore.DLL
0x00007ff80b0c0000 - 0x00007ff80b140000 	C:\WINDOWS\System32\bcryptPrimitives.dll
0x00007fffe0d90000 - 0x00007fffe0dcc000 	D:\Sia\JDK21\bin\jdwp.dll
0x00007ff806910000 - 0x00007ff80691f000 	D:\Sia\JDK21\bin\instrument.dll
0x00007fffe8fd0000 - 0x00007fffe8fef000 	D:\Sia\JDK21\bin\java.dll
0x00007fffe8f90000 - 0x00007fffe8fa8000 	D:\Sia\JDK21\bin\zip.dll
0x00007ff80c450000 - 0x00007ff80cb92000 	C:\WINDOWS\System32\SHELL32.dll
0x00007ff808da0000 - 0x00007ff809531000 	C:\WINDOWS\SYSTEM32\windows.storage.dll
0x00007ff80cba0000 - 0x00007ff80cef5000 	C:\WINDOWS\System32\combase.dll
0x00007ff80aaa0000 - 0x00007ff80aacc000 	C:\WINDOWS\SYSTEM32\Wldp.dll
0x00007ff80d790000 - 0x00007ff80d83e000 	C:\WINDOWS\System32\SHCORE.dll
0x00007ff80be80000 - 0x00007ff80bed5000 	C:\WINDOWS\System32\shlwapi.dll
0x00007ff80af70000 - 0x00007ff80af8f000 	C:\WINDOWS\SYSTEM32\profapi.dll
0x00007ff806900000 - 0x00007ff80690c000 	D:\Sia\JDK21\bin\dt_socket.dll
0x00007ff80a4b0000 - 0x00007ff80a4eb000 	C:\WINDOWS\SYSTEM32\IPHLPAPI.DLL
0x00007ff80a810000 - 0x00007ff80a87a000 	C:\WINDOWS\system32\mswsock.dll
0x00007fffe9240000 - 0x00007fffe9250000 	D:\Sia\JDK21\bin\net.dll
0x00007ff806260000 - 0x00007ff80636b000 	C:\WINDOWS\SYSTEM32\WINHTTP.dll
0x00007fffe8fb0000 - 0x00007fffe8fc6000 	D:\Sia\JDK21\bin\nio.dll
0x00007ff80a4f0000 - 0x00007ff80a5bc000 	C:\WINDOWS\SYSTEM32\DNSAPI.dll
0x00007ff80be10000 - 0x00007ff80be18000 	C:\WINDOWS\System32\NSI.dll
0x00007ff8004b0000 - 0x00007ff8004ba000 	C:\Windows\System32\rasadhlp.dll
0x00007ff8000f0000 - 0x00007ff80016f000 	C:\WINDOWS\System32\fwpuclnt.dll
0x00007ff80b3a0000 - 0x00007ff80b3c7000 	C:\WINDOWS\System32\bcrypt.dll
0x00007ffff9520000 - 0x00007ffff952a000 	D:\Sia\JDK21\bin\management.dll
0x00007ffff9510000 - 0x00007ffff951b000 	D:\Sia\JDK21\bin\management_ext.dll
0x00007ff80d020000 - 0x00007ff80d028000 	C:\WINDOWS\System32\PSAPI.DLL
0x00007ff80a9e0000 - 0x00007ff80a9f8000 	C:\WINDOWS\SYSTEM32\CRYPTSP.dll
0x00007ff80a140000 - 0x00007ff80a174000 	C:\WINDOWS\system32\rsaenh.dll
0x00007ff80af30000 - 0x00007ff80af5e000 	C:\WINDOWS\SYSTEM32\USERENV.dll
0x00007ff80aa00000 - 0x00007ff80aa0c000 	C:\WINDOWS\SYSTEM32\CRYPTBASE.dll
0x00007ff8044b0000 - 0x00007ff8044c7000 	C:\WINDOWS\system32\napinsp.dll
0x00007ff8034f0000 - 0x00007ff80350b000 	C:\WINDOWS\system32\pnrpnsp.dll
0x00007ff806830000 - 0x00007ff80684d000 	C:\WINDOWS\system32\NLAapi.dll
0x00007fffcfdb0000 - 0x00007fffcfdc5000 	C:\WINDOWS\system32\wshbth.dll
0x00007ff802860000 - 0x00007ff802872000 	C:\WINDOWS\System32\winrnr.dll
0x00007fffe91c0000 - 0x00007fffe91c9000 	D:\Sia\JDK21\bin\extnet.dll
0x00007ffff94e0000 - 0x00007ffff94ee000 	D:\Sia\JDK21\bin\sunmscapi.dll
0x00007ff80b520000 - 0x00007ff80b67f000 	C:\WINDOWS\System32\CRYPT32.dll
0x00007ff80ab10000 - 0x00007ff80ab37000 	C:\WINDOWS\SYSTEM32\ncrypt.dll
0x00007ff80aad0000 - 0x00007ff80ab0b000 	C:\WINDOWS\SYSTEM32\NTASN1.dll

dbghelp: loaded successfully - version: 4.0.5 - missing functions: none
symbol engine: initialized successfully - sym options: 0x614 - pdb path: .;D:\Sia\JDK21\bin;C:\WINDOWS\SYSTEM32;C:\WINDOWS\WinSxS\amd64_microsoft.windows.common-controls_6595b64144ccf1df_6.0.19041.844_none_ca00b6081b84eb1d;D:\Sia\JDK21\bin\server

VM Arguments:
jvm_args: -agentlib:jdwp=transport=dt_socket,address=127.0.0.1:63893,suspend=y,server=n -XX:TieredStopAtLevel=1 -Dspring.output.ansi.enabled=always -Dcom.sun.management.jmxremote -Dspring.jmx.enabled=true -Dspring.liveBeansView.mbeanDomain -Dspring.application.admin.enabled=true -Dmanagement.endpoints.jmx.exposure.include=* -javaagent:D:\Idea2023\plugins\java\lib\rt\debugger-agent.jar -Dfile.encoding=UTF-8 -Dsun.stdout.encoding=UTF-8 -Dsun.stderr.encoding=UTF-8 
java_command: com.example.springsecurity.SpringSecurityApplication
java_class_path (initial): D:\Sia\Project\SpringSecurity\target\classes;D:\mavenjarbao\org\springframework\boot\spring-boot-starter-security\3.2.4\spring-boot-starter-security-3.2.4.jar;D:\mavenjarbao\org\springframework\boot\spring-boot-starter\3.2.4\spring-boot-starter-3.2.4.jar;D:\mavenjarbao\org\springframework\boot\spring-boot\3.2.4\spring-boot-3.2.4.jar;D:\mavenjarbao\org\springframework\boot\spring-boot-autoconfigure\3.2.4\spring-boot-autoconfigure-3.2.4.jar;D:\mavenjarbao\org\springframework\boot\spring-boot-starter-logging\3.2.4\spring-boot-starter-logging-3.2.4.jar;D:\mavenjarbao\ch\qos\logback\logback-classic\1.4.14\logback-classic-1.4.14.jar;D:\mavenjarbao\ch\qos\logback\logback-core\1.4.14\logback-core-1.4.14.jar;D:\mavenjarbao\org\apache\logging\log4j\log4j-to-slf4j\2.21.1\log4j-to-slf4j-2.21.1.jar;D:\mavenjarbao\org\apache\logging\log4j\log4j-api\2.21.1\log4j-api-2.21.1.jar;D:\mavenjarbao\org\slf4j\jul-to-slf4j\2.0.12\jul-to-slf4j-2.0.12.jar;D:\mavenjarbao\jakarta\annotation\jakarta.annotation-api\2.1.1\jakarta.annotation-api-2.1.1.jar;D:\mavenjarbao\org\yaml\snakeyaml\2.2\snakeyaml-2.2.jar;D:\mavenjarbao\org\springframework\spring-aop\6.1.5\spring-aop-6.1.5.jar;D:\mavenjarbao\org\springframework\spring-beans\6.1.5\spring-beans-6.1.5.jar;D:\mavenjarbao\org\springframework\security\spring-security-config\6.2.3\spring-security-config-6.2.3.jar;D:\mavenjarbao\org\springframework\spring-context\6.1.5\spring-context-6.1.5.jar;D:\mavenjarbao\org\springframework\security\spring-security-web\6.2.3\spring-security-web-6.2.3.jar;D:\mavenjarbao\org\springframework\spring-expression\6.1.5\spring-expression-6.1.5.jar;D:\mavenjarbao\org\springframework\boot\spring-boot-starter-web\3.2.4\spring-boot-starter-web-3.2.4.jar;D:\mavenjarbao\org\springframework\boot\spring-boot-starter-json\3.2.4\spring-boot-starter-json-3.2.4.jar;D:\mavenjarbao\com\fasterxml\jackson\datatype\jackson-datatype-jdk8\2.15.4\jackson-datatype-jdk8-2.15.4.jar;D:\mavenjarbao\com\fasterxml\jackson\datatype\jackson-datatype-jsr310\2.15.4\jackson-datatype-jsr310-2.15.4.jar;D:\mavenjarbao\com\fasterxml\jackson\module\jackson-module-parameter-names\2.15.4\jackson-module-parameter-names-2.15.4.jar;D:\mavenjarbao\org\springframework\boot\spring-boot-starter-tomcat\3.2.4\spring-boot-starter-tomcat-3.2.4.jar;D:\mavenjarbao\org\apache\tomcat\embed\tomcat-embed-core\10.1.19\tomcat-embed-core-10.1.19.jar;D:\mavenjarbao\org\apache\tomcat\embed\tomcat-embed-el\10.1.19\tomcat-embed-el-10.1.19.jar;D:\mavenjarbao\org\apache\tomcat\embed\tomcat-embed-websocket\10.1.19\tomcat-embed-websocket-10.1.19.jar;D:\mavenjarbao\org\springframework\spring-web\6.1.5\spring-web-6.1.5.jar;D:\mavenjarbao\io\micrometer\micrometer-observation\1.12.4\micrometer-observation-1.12.4.jar;D:\mavenjarbao\io\micrometer\micrometer-commons\1.12.4\micrometer-commons-1.12.4.jar;D:\mavenjarbao\org\springframework\spring-webmvc\6.1.5\spring-webmvc-6.1.5.jar;D:\mavenjarbao\org\postgresql\postgresql\42.6.2\postgresql-42.6.2.jar;D:\mavenjarbao\org\checkerframework\checker-qual\3.31.0\checker-qual-3.31.0.jar;D:\mavenjarbao\com\zaxxer\HikariCP\5.0.1\HikariCP-5.0.1.jar;D:\mavenjarbao\org\slf4j\slf4j-api\2.0.12\slf4j-api-2.0.12.jar;D:\mavenjarbao\org\springframework\spring-core\6.1.5\spring-core-6.1.5.jar;D:\mavenjarbao\org\springframework\spring-jcl\6.1.5\spring-jcl-6.1.5.jar;D:\mavenjarbao\org\springframework\security\spring-security-core\6.2.3\spring-security-core-6.2.3.jar;D:\mavenjarbao\org\springframework\security\spring-security-crypto\6.2.3\spring-security-crypto-6.2.3.jar;D:\mavenjarbao\io\jsonwebtoken\jjwt-api\0.11.5\jjwt-api-0.11.5.jar;D:\mavenjarbao\io\jsonwebtoken\jjwt-impl\0.11.5\jjwt-impl-0.11.5.jar;D:\mavenjarbao\io\jsonwebtoken\jjwt-jackson\0.11.5\jjwt-jackson-0.11.5.jar;D:\mavenjarbao\com\fasterxml\jackson\core\jackson-databind\2.15.4\jackson-databind-2.15.4.jar;D:\mavenjarbao\com\fasterxml\jackson\core\jackson-annotations\2.15.4\jackson-annotations-2.15.4.jar;D:\mavenjarbao\com\fasterxml\jackson\core\jackson-core\2.15.4\jackson-core-2.15.4.jar;D:\mavenjarbao\org\mybatis\spring\boot\mybatis-spring-boot-starter\3.0.3\mybatis-spring-boot-starter-3.0.3.jar;D:\mavenjarbao\org\springframework\boot\spring-boot-starter-jdbc\3.2.4\spring-boot-starter-jdbc-3.2.4.jar;D:\mavenjarbao\org\springframework\spring-jdbc\6.1.5\spring-jdbc-6.1.5.jar;D:\mavenjarbao\org\springframework\spring-tx\6.1.5\spring-tx-6.1.5.jar;D:\mavenjarbao\org\mybatis\spring\boot\mybatis-spring-boot-autoconfigure\3.0.3\mybatis-spring-boot-autoconfigure-3.0.3.jar;D:\mavenjarbao\org\mybatis\mybatis\3.5.14\mybatis-3.5.14.jar;D:\mavenjarbao\org\mybatis\mybatis-spring\3.0.3\mybatis-spring-3.0.3.jar;D:\Idea2023\lib\idea_rt.jar
Launcher Type: SUN_STANDARD

[Global flags]
     intx CICompilerCount                          = 4                                         {product} {ergonomic}
     uint ConcGCThreads                            = 2                                         {product} {ergonomic}
     uint G1ConcRefinementThreads                  = 8                                         {product} {ergonomic}
   size_t G1HeapRegionSize                         = 1048576                                   {product} {ergonomic}
    uintx GCDrainStackTargetSize                   = 64                                        {product} {ergonomic}
   size_t InitialHeapSize                          = 132120576                                 {product} {ergonomic}
     bool ManagementServer                         = true                                      {product} {command line}
   size_t MarkStackSize                            = 4194304                                   {product} {ergonomic}
   size_t MaxHeapSize                              = 2088763392                                {product} {ergonomic}
   size_t MaxNewSize                               = 1253048320                                {product} {ergonomic}
   size_t MinHeapDeltaBytes                        = 1048576                                   {product} {ergonomic}
   size_t MinHeapSize                              = 8388608                                   {product} {ergonomic}
    uintx NonNMethodCodeHeapSize                   = 4096                                   {pd product} {ergonomic}
    uintx NonProfiledCodeHeapSize                  = 0                                      {pd product} {ergonomic}
     bool ProfileInterpreter                       = false                                  {pd product} {command line}
    uintx ProfiledCodeHeapSize                     = 0                                      {pd product} {ergonomic}
   size_t SoftMaxHeapSize                          = 2088763392                             {manageable} {ergonomic}
     intx TieredStopAtLevel                        = 1                                         {product} {command line}
     bool UseCompressedOops                        = true                           {product lp64_product} {ergonomic}
     bool UseG1GC                                  = true                                      {product} {ergonomic}
     bool UseLargePagesIndividualAllocation        = false                                  {pd product} {ergonomic}

Logging:
Log output configuration:
 #0: stdout all=warning uptime,level,tags foldmultilines=false
 #1: stderr all=off uptime,level,tags foldmultilines=false

Environment Variables:
JAVA_HOME=D:\Sia\JDK21
CLASSPATH=.;D:\Sia\JDK21\lib\dt.jar;D:\Sia\JDK21\lib\tools.jar;D:\Sia\JDK21\lib;
PATH=C:\Program Files\Common Files\Oracle\Java\javapath;C:\WINDOWS\system32;C:\WINDOWS;C:\WINDOWS\System32\Wbem;C:\WINDOWS\System32\WindowsPowerShell\v1.0\;C:\WINDOWS\System32\OpenSSH\;D:\Sia\JDK21\bin;D:\Sia\JDK21\jre\bin;D:\work\Git\bin;D:\Nodejs\;D:\MyBlog\node_modules\.bin;D:\work\Git\bin;C:\Users\lenovo\AppData\Local\Microsoft\WindowsApps;C:\Users\lenovo\AppData\Roaming\npm;C:\Program Files (x86)\Tencent\QQGameTempest\Hall.58036\;C:\Program Files\JetBrains\IntelliJ IDEA 2021.3.1\bin;
USERNAME=lenovo
OS=Windows_NT
PROCESSOR_IDENTIFIER=Intel64 Family 6 Model 126 Stepping 5, GenuineIntel
TMP=C:\Users\lenovo\AppData\Local\Temp
TEMP=C:\Users\lenovo\AppData\Local\Temp




Periodic native trim disabled

---------------  S Y S T E M  ---------------

OS:
 Windows 10 , 64 bit Build 19041 (10.0.19041.928)
OS uptime: 0 days 5:34 hours

CPU: total 8 (initial active 8) (4 cores per cpu, 2 threads per core) family 6 model 126 stepping 5 microcode 0x70, cx8, cmov, fxsr, ht, mmx, 3dnowpref, sse, sse2, sse3, ssse3, sse4.1, sse4.2, popcnt, lzcnt, tsc, tscinvbit, avx, avx2, aes, erms, clmul, bmi1, bmi2, adx, avx512f, avx512dq, avx512cd, avx512bw, avx512vl, sha, fma, vzeroupper, avx512_vpopcntdq, avx512_vpclmulqdq, avx512_vaes, avx512_vnni, clflush, clflushopt, avx512_vbmi2, avx512_vbmi, rdtscp, rdpid, fsrm, gfni, avx512_bitalg, f16c, pku, avx512_ifma
Processor Information for all 8 processors :
  Max Mhz: 1190, Current Mhz: 991, Mhz Limit: 987

Memory: 4k page, system-wide physical 7960M (701M free)
TotalPageFile size 17116M (AvailPageFile size 2086M)
current process WorkingSet (physical memory assigned to process): 129M, peak: 129M
current process commit charge ("private bytes"): 171M, peak: 245M

vm_info: Java HotSpot(TM) 64-Bit Server VM (21.0.2+13-LTS-58) for windows-amd64 JRE (21.0.2+13-LTS-58), built on 2024-01-05T18:32:24Z by "mach5one" with MS VC++ 17.1 (VS2022)

END.
